<?xml version="1.0" encoding="UTF-8"?>
<testsuite name="com.adm.product.application.UseCaseTest" tests="1" skipped="0" failures="0" errors="0" timestamp="2025-07-15T02:07:55" hostname="LAPTOP-DFF0LMSS" time="10.676">
  <properties/>
  <testcase name="testCreateUseCase()" classname="com.adm.product.application.UseCaseTest" time="10.676"/>
  <system-out><![CDATA[]]></system-out>
  <system-err><![CDATA[]]></system-err>
</testsuite>
