<?xml version="1.0" encoding="UTF-8"?>
<testsuite name="com.adm.product.application.product.update.UpdateProductUseCaseTest" tests="4" skipped="0" failures="0" errors="0" timestamp="2025-07-23T04:49:14" hostname="LAPTOP-DFF0LMSS" time="0.169">
  <properties/>
  <testcase name="givenAValidCommand_whenCallsUpdateProduct_shouldReturnProductId()" classname="com.adm.product.application.product.update.UpdateProductUseCaseTest" time="0.048"/>
  <testcase name="givenAValidCommand_whenGatewayThrowsRandomException_ShouldReturnAException()" classname="com.adm.product.application.product.update.UpdateProductUseCaseTest" time="0.036"/>
  <testcase name="givenAInvalidName_whenCallsUpdateProduct_thenShouldReturnDomainException()" classname="com.adm.product.application.product.update.UpdateProductUseCaseTest" time="0.032"/>
  <testcase name="givenACommandWithInvalidID_whenCallsUpdateProduct_ShouldReturnNotFoundException()" classname="com.adm.product.application.product.update.UpdateProductUseCaseTest" time="0.031"/>
  <system-out><![CDATA[]]></system-out>
  <system-err><![CDATA[]]></system-err>
</testsuite>
