<?xml version="1.0" encoding="UTF-8"?>
<testsuite name="com.adm.product.application.product.retrieve.get.GetProductByIdUseCaseTest" tests="3" skipped="0" failures="0" errors="0" timestamp="2025-07-07T19:02:11" hostname="LAPTOP-DFF0LMSS" time="0.06">
  <properties/>
  <testcase name="givenAValidId_whenCallsGetProduct_shouldReturnProduct()" classname="com.adm.product.application.product.retrieve.get.GetProductByIdUseCaseTest" time="0.022"/>
  <testcase name="givenAValidId_whenGatewayThrowsException_shouldReturnException()" classname="com.adm.product.application.product.retrieve.get.GetProductByIdUseCaseTest" time="0.018"/>
  <testcase name="givenAInvalidId_whenCallsGetProduct_shouldReturnNotFound()" classname="com.adm.product.application.product.retrieve.get.GetProductByIdUseCaseTest" time="0.015"/>
  <system-out><![CDATA[]]></system-out>
  <system-err><![CDATA[]]></system-err>
</testsuite>
