<?xml version="1.0" encoding="UTF-8"?>
<testsuite name="com.adm.product.application.product.delete.DeleteProductUseCaseTest" tests="3" skipped="0" failures="0" errors="0" timestamp="2025-07-04T14:18:27" hostname="LAPTOP-DFF0LMSS" time="1.975">
  <properties/>
  <testcase name="givenAValidId_whenCallsDeleteProduct_shouldBeOk()" classname="com.adm.product.application.product.delete.DeleteProductUseCaseTest" time="1.938"/>
  <testcase name="givenAInvalidId_whenCallsDeleteProduct_shouldBeOk()" classname="com.adm.product.application.product.delete.DeleteProductUseCaseTest" time="0.016"/>
  <testcase name="givenAValidId_whenGatewayThrowsException_shouldReturnException()" classname="com.adm.product.application.product.delete.DeleteProductUseCaseTest" time="0.018"/>
  <system-out><![CDATA[]]></system-out>
  <system-err><![CDATA[]]></system-err>
</testsuite>
