<?xml version="1.0" encoding="UTF-8"?>
<testsuite name="com.adm.product.application.product.retrieve.get.GetProductByIdUseCaseTest" tests="3" skipped="0" failures="0" errors="0" timestamp="2025-07-10T22:50:02" hostname="LAPTOP-DFF0LMSS" time="0.059">
  <properties/>
  <testcase name="givenAValidId_whenCallsGetProduct_shouldReturnProduct()" classname="com.adm.product.application.product.retrieve.get.GetProductByIdUseCaseTest" time="0.024"/>
  <testcase name="givenAValidId_whenGatewayThrowsException_shouldReturnException()" classname="com.adm.product.application.product.retrieve.get.GetProductByIdUseCaseTest" time="0.019"/>
  <testcase name="givenAInvalidId_whenCallsGetProduct_shouldReturnNotFound()" classname="com.adm.product.application.product.retrieve.get.GetProductByIdUseCaseTest" time="0.013"/>
  <system-out><![CDATA[]]></system-out>
  <system-err><![CDATA[]]></system-err>
</testsuite>
