<?xml version="1.0" encoding="UTF-8"?>
<testsuite name="com.adm.product.application.product.retrieve.list.ListProductUseCaseTest" tests="3" skipped="0" failures="0" errors="0" timestamp="2025-07-24T18:10:57" hostname="LAPTOP-DFF0LMSS" time="0.144">
  <properties/>
  <testcase name="givenAValidQuery_whenGatewayThrowsException_shouldReturnException()" classname="com.adm.product.application.product.retrieve.list.ListProductUseCaseTest" time="0.015"/>
  <testcase name="givenAValidQuery_whenHasNoResults_thenShouldReturnEmptyProducts()" classname="com.adm.product.application.product.retrieve.list.ListProductUseCaseTest" time="0.093"/>
  <testcase name="givenAValidQuery_whenCallsListProducts_thenShouldReturnProducts()" classname="com.adm.product.application.product.retrieve.list.ListProductUseCaseTest" time="0.032"/>
  <system-out><![CDATA[]]></system-out>
  <system-err><![CDATA[]]></system-err>
</testsuite>
