<?xml version="1.0" encoding="UTF-8"?>
<testsuite name="com.adm.product.application.product.retrieve.get.GetProductByIdUseCaseTest" tests="3" skipped="0" failures="0" errors="0" timestamp="2025-07-15T02:08:09" hostname="LAPTOP-DFF0LMSS" time="0.133">
  <properties/>
  <testcase name="givenAValidId_whenCallsGetProduct_shouldReturnProduct()" classname="com.adm.product.application.product.retrieve.get.GetProductByIdUseCaseTest" time="0.067"/>
  <testcase name="givenAValidId_whenGatewayThrowsException_shouldReturnException()" classname="com.adm.product.application.product.retrieve.get.GetProductByIdUseCaseTest" time="0.031"/>
  <testcase name="givenAInvalidId_whenCallsGetProduct_shouldReturnNotFound()" classname="com.adm.product.application.product.retrieve.get.GetProductByIdUseCaseTest" time="0.032"/>
  <system-out><![CDATA[]]></system-out>
  <system-err><![CDATA[]]></system-err>
</testsuite>
