<?xml version="1.0" encoding="UTF-8"?>
<testsuite name="com.adm.product.application.product.create.CreateProductUseCaseTest" tests="3" skipped="0" failures="0" errors="0" timestamp="2025-07-07T19:02:10" hostname="LAPTOP-DFF0LMSS" time="0.766">
  <properties/>
  <testcase name="givenAValidCommand_whenGatewayThrowsRandomException_shouldReturnException()" classname="com.adm.product.application.product.create.CreateProductUseCaseTest" time="0.726"/>
  <testcase name="givenAInvalidName_whenCallsCreateProduct_thenShouldReturnDomainException()" classname="com.adm.product.application.product.create.CreateProductUseCaseTest" time="0.01"/>
  <testcase name="givenAValidCommand_whenCallsCreateProduct_shouldReturnProductId()" classname="com.adm.product.application.product.create.CreateProductUseCaseTest" time="0.025"/>
  <system-out><![CDATA[]]></system-out>
  <system-err><![CDATA[]]></system-err>
</testsuite>
