<?xml version="1.0" encoding="UTF-8"?>
<testsuite name="com.adm.product.application.product.create.CreateProductUseCaseIT" tests="2" skipped="0" failures="0" errors="0" timestamp="2025-07-24T18:11:20" hostname="LAPTOP-DFF0LMSS" time="0.319">
  <properties/>
  <testcase name="givenAInvalidCommand_whenCallsCreateProduct_shouldReturnDomainException()" classname="com.adm.product.application.product.create.CreateProductUseCaseIT" time="0.076"/>
  <testcase name="givenAValidCommand_whenCallsCreateProduct_shouldReturnProductId()" classname="com.adm.product.application.product.create.CreateProductUseCaseIT" time="0.238"/>
  <system-out><![CDATA[2025-07-24 14:11:20.433  INFO 168344 --- [    Test worker] .b.t.c.SpringBootTestContextBootstrapper : Neither @ContextConfiguration nor @ContextHierarchy found for test class [com.adm.product.application.product.create.CreateProductUseCaseIT], using SpringBootContextLoader
2025-07-24 14:11:20.436  INFO 168344 --- [    Test worker] o.s.t.c.support.AbstractContextLoader    : Could not detect default resource locations for test class [com.adm.product.application.product.create.CreateProductUseCaseIT]: no resource found for suffixes {-context.xml, Context.groovy}.
2025-07-24 14:11:20.443  INFO 168344 --- [    Test worker] .b.t.c.SpringBootTestContextBootstrapper : Loaded default TestExecutionListener class names from location [META-INF/spring.factories]: [org.springframework.boot.test.autoconfigure.restdocs.RestDocsTestExecutionListener, org.springframework.boot.test.autoconfigure.web.client.MockRestServiceServerResetTestExecutionListener, org.springframework.boot.test.autoconfigure.web.servlet.MockMvcPrintOnlyOnFailureTestExecutionListener, org.springframework.boot.test.autoconfigure.web.servlet.WebDriverTestExecutionListener, org.springframework.boot.test.autoconfigure.webservices.client.MockWebServiceServerTestExecutionListener, org.springframework.boot.test.mock.mockito.MockitoTestExecutionListener, org.springframework.boot.test.mock.mockito.ResetMocksTestExecutionListener, org.springframework.test.context.web.ServletTestExecutionListener, org.springframework.test.context.support.DirtiesContextBeforeModesTestExecutionListener, org.springframework.test.context.event.ApplicationEventsTestExecutionListener, org.springframework.test.context.support.DependencyInjectionTestExecutionListener, org.springframework.test.context.support.DirtiesContextTestExecutionListener, org.springframework.test.context.transaction.TransactionalTestExecutionListener, org.springframework.test.context.jdbc.SqlScriptsTestExecutionListener, org.springframework.test.context.event.EventPublishingTestExecutionListener]
2025-07-24 14:11:20.444  INFO 168344 --- [    Test worker] .b.t.c.SpringBootTestContextBootstrapper : Using TestExecutionListeners: [org.springframework.test.context.web.ServletTestExecutionListener@23471f48, org.springframework.test.context.support.DirtiesContextBeforeModesTestExecutionListener@2898cd46, org.springframework.test.context.event.ApplicationEventsTestExecutionListener@7ebf5bf, org.springframework.boot.test.mock.mockito.MockitoTestExecutionListener@5d8cbb32, org.springframework.boot.test.autoconfigure.SpringBootDependencyInjectionTestExecutionListener@46aa5294, org.springframework.test.context.support.DirtiesContextTestExecutionListener@283645fa, org.springframework.test.context.transaction.TransactionalTestExecutionListener@70a81b4e, org.springframework.test.context.jdbc.SqlScriptsTestExecutionListener@48c56b42, org.springframework.test.context.event.EventPublishingTestExecutionListener@5c6fae3c, org.springframework.boot.test.autoconfigure.restdocs.RestDocsTestExecutionListener@466c39de, org.springframework.boot.test.autoconfigure.web.client.MockRestServiceServerResetTestExecutionListener@762e3836, org.springframework.boot.test.autoconfigure.web.servlet.MockMvcPrintOnlyOnFailureTestExecutionListener@15d2c2ca, org.springframework.boot.test.autoconfigure.web.servlet.WebDriverTestExecutionListener@346d8002, org.springframework.boot.test.autoconfigure.webservices.client.MockWebServiceServerTestExecutionListener@1368ed98, org.springframework.boot.test.mock.mockito.ResetMocksTestExecutionListener@1400984b]
Hibernate: select productout0_.id as id1_1_, productout0_.brand as brand2_1_, productout0_.description as descript3_1_, productout0_.name as name4_1_, productout0_.price as price5_1_ from product_outbox productout0_
2025-07-24 14:11:20.461  INFO 168344 --- [    Test worker] i.StatisticalLoggingSessionEventListener : Session Metrics {
    45300 nanoseconds spent acquiring 1 JDBC connections;
    0 nanoseconds spent releasing 0 JDBC connections;
    150100 nanoseconds spent preparing 1 JDBC statements;
    459300 nanoseconds spent executing 1 JDBC statements;
    0 nanoseconds spent executing 0 JDBC batches;
    0 nanoseconds spent performing 0 L2C puts;
    0 nanoseconds spent performing 0 L2C hits;
    0 nanoseconds spent performing 0 L2C misses;
    0 nanoseconds spent executing 0 flushes (flushing a total of 0 entities and 0 collections);
    12500 nanoseconds spent executing 1 partial-flushes (flushing a total of 0 entities and 0 collections)
}
Hibernate: select productjpa0_.id as id1_0_, productjpa0_.brand as brand2_0_, productjpa0_.description as descript3_0_, productjpa0_.name as name4_0_, productjpa0_.price as price5_0_ from product productjpa0_
2025-07-24 14:11:20.466  INFO 168344 --- [    Test worker] i.StatisticalLoggingSessionEventListener : Session Metrics {
    45600 nanoseconds spent acquiring 1 JDBC connections;
    0 nanoseconds spent releasing 0 JDBC connections;
    146300 nanoseconds spent preparing 1 JDBC statements;
    285900 nanoseconds spent executing 1 JDBC statements;
    0 nanoseconds spent executing 0 JDBC batches;
    0 nanoseconds spent performing 0 L2C puts;
    0 nanoseconds spent performing 0 L2C hits;
    0 nanoseconds spent performing 0 L2C misses;
    0 nanoseconds spent executing 0 flushes (flushing a total of 0 entities and 0 collections);
    22700 nanoseconds spent executing 1 partial-flushes (flushing a total of 0 entities and 0 collections)
}
Hibernate: select count(*) as col_0_0_ from product productjpa0_
2025-07-24 14:11:20.511  INFO 168344 --- [    Test worker] i.StatisticalLoggingSessionEventListener : Session Metrics {
    35700 nanoseconds spent acquiring 1 JDBC connections;
    0 nanoseconds spent releasing 0 JDBC connections;
    602700 nanoseconds spent preparing 1 JDBC statements;
    511300 nanoseconds spent executing 1 JDBC statements;
    0 nanoseconds spent executing 0 JDBC batches;
    0 nanoseconds spent performing 0 L2C puts;
    0 nanoseconds spent performing 0 L2C hits;
    0 nanoseconds spent performing 0 L2C misses;
    0 nanoseconds spent executing 0 flushes (flushing a total of 0 entities and 0 collections);
    8200 nanoseconds spent executing 1 partial-flushes (flushing a total of 0 entities and 0 collections)
}
Hibernate: select count(*) as col_0_0_ from product productjpa0_
2025-07-24 14:11:20.520  INFO 168344 --- [    Test worker] i.StatisticalLoggingSessionEventListener : Session Metrics {
    29100 nanoseconds spent acquiring 1 JDBC connections;
    0 nanoseconds spent releasing 0 JDBC connections;
    82800 nanoseconds spent preparing 1 JDBC statements;
    300400 nanoseconds spent executing 1 JDBC statements;
    0 nanoseconds spent executing 0 JDBC batches;
    0 nanoseconds spent performing 0 L2C puts;
    0 nanoseconds spent performing 0 L2C hits;
    0 nanoseconds spent performing 0 L2C misses;
    0 nanoseconds spent executing 0 flushes (flushing a total of 0 entities and 0 collections);
    7100 nanoseconds spent executing 1 partial-flushes (flushing a total of 0 entities and 0 collections)
}
Hibernate: select productout0_.id as id1_1_, productout0_.brand as brand2_1_, productout0_.description as descript3_1_, productout0_.name as name4_1_, productout0_.price as price5_1_ from product_outbox productout0_
2025-07-24 14:11:20.539  INFO 168344 --- [    Test worker] i.StatisticalLoggingSessionEventListener : Session Metrics {
    35900 nanoseconds spent acquiring 1 JDBC connections;
    0 nanoseconds spent releasing 0 JDBC connections;
    116800 nanoseconds spent preparing 1 JDBC statements;
    390900 nanoseconds spent executing 1 JDBC statements;
    0 nanoseconds spent executing 0 JDBC batches;
    0 nanoseconds spent performing 0 L2C puts;
    0 nanoseconds spent performing 0 L2C hits;
    0 nanoseconds spent performing 0 L2C misses;
    0 nanoseconds spent executing 0 flushes (flushing a total of 0 entities and 0 collections);
    7700 nanoseconds spent executing 1 partial-flushes (flushing a total of 0 entities and 0 collections)
}
Hibernate: select productjpa0_.id as id1_0_, productjpa0_.brand as brand2_0_, productjpa0_.description as descript3_0_, productjpa0_.name as name4_0_, productjpa0_.price as price5_0_ from product productjpa0_
2025-07-24 14:11:20.542  INFO 168344 --- [    Test worker] i.StatisticalLoggingSessionEventListener : Session Metrics {
    50500 nanoseconds spent acquiring 1 JDBC connections;
    0 nanoseconds spent releasing 0 JDBC connections;
    134600 nanoseconds spent preparing 1 JDBC statements;
    297700 nanoseconds spent executing 1 JDBC statements;
    0 nanoseconds spent executing 0 JDBC batches;
    0 nanoseconds spent performing 0 L2C puts;
    0 nanoseconds spent performing 0 L2C hits;
    0 nanoseconds spent performing 0 L2C misses;
    0 nanoseconds spent executing 0 flushes (flushing a total of 0 entities and 0 collections);
    10500 nanoseconds spent executing 1 partial-flushes (flushing a total of 0 entities and 0 collections)
}
Hibernate: select count(*) as col_0_0_ from product productjpa0_
2025-07-24 14:11:20.547  INFO 168344 --- [    Test worker] i.StatisticalLoggingSessionEventListener : Session Metrics {
    34900 nanoseconds spent acquiring 1 JDBC connections;
    0 nanoseconds spent releasing 0 JDBC connections;
    72400 nanoseconds spent preparing 1 JDBC statements;
    283300 nanoseconds spent executing 1 JDBC statements;
    0 nanoseconds spent executing 0 JDBC batches;
    0 nanoseconds spent performing 0 L2C puts;
    0 nanoseconds spent performing 0 L2C hits;
    0 nanoseconds spent performing 0 L2C misses;
    0 nanoseconds spent executing 0 flushes (flushing a total of 0 entities and 0 collections);
    5000 nanoseconds spent executing 1 partial-flushes (flushing a total of 0 entities and 0 collections)
}
Um lancamento Apple 2025
Hibernate: select productjpa0_.id as id1_0_0_, productjpa0_.brand as brand2_0_0_, productjpa0_.description as descript3_0_0_, productjpa0_.name as name4_0_0_, productjpa0_.price as price5_0_0_ from product productjpa0_ where productjpa0_.id=?
Um lancamento Apple 2025
Hibernate: select productout0_.id as id1_1_0_, productout0_.brand as brand2_1_0_, productout0_.description as descript3_1_0_, productout0_.name as name4_1_0_, productout0_.price as price5_1_0_ from product_outbox productout0_ where productout0_.id=?
Hibernate: insert into product (brand, description, name, price, id) values (?, ?, ?, ?, ?)
Hibernate: insert into product_outbox (brand, description, name, price, id) values (?, ?, ?, ?, ?)
2025-07-24 14:11:20.723  INFO 168344 --- [    Test worker] i.StatisticalLoggingSessionEventListener : Session Metrics {
    42900 nanoseconds spent acquiring 1 JDBC connections;
    0 nanoseconds spent releasing 0 JDBC connections;
    3858300 nanoseconds spent preparing 4 JDBC statements;
    6388500 nanoseconds spent executing 4 JDBC statements;
    0 nanoseconds spent executing 0 JDBC batches;
    0 nanoseconds spent performing 0 L2C puts;
    0 nanoseconds spent performing 0 L2C hits;
    0 nanoseconds spent performing 0 L2C misses;
    47557000 nanoseconds spent executing 2 flushes (flushing a total of 4 entities and 0 collections);
    0 nanoseconds spent executing 0 partial-flushes (flushing a total of 0 entities and 0 collections)
}
Hibernate: select count(*) as col_0_0_ from product productjpa0_
2025-07-24 14:11:20.731  INFO 168344 --- [    Test worker] i.StatisticalLoggingSessionEventListener : Session Metrics {
    44000 nanoseconds spent acquiring 1 JDBC connections;
    0 nanoseconds spent releasing 0 JDBC connections;
    103800 nanoseconds spent preparing 1 JDBC statements;
    643100 nanoseconds spent executing 1 JDBC statements;
    0 nanoseconds spent executing 0 JDBC batches;
    0 nanoseconds spent performing 0 L2C puts;
    0 nanoseconds spent performing 0 L2C hits;
    0 nanoseconds spent performing 0 L2C misses;
    0 nanoseconds spent executing 0 flushes (flushing a total of 0 entities and 0 collections);
    7300 nanoseconds spent executing 1 partial-flushes (flushing a total of 0 entities and 0 collections)
}
Hibernate: select productjpa0_.id as id1_0_0_, productjpa0_.brand as brand2_0_0_, productjpa0_.description as descript3_0_0_, productjpa0_.name as name4_0_0_, productjpa0_.price as price5_0_0_ from product productjpa0_ where productjpa0_.id=?
2025-07-24 14:11:20.755  INFO 168344 --- [    Test worker] i.StatisticalLoggingSessionEventListener : Session Metrics {
    38000 nanoseconds spent acquiring 1 JDBC connections;
    0 nanoseconds spent releasing 0 JDBC connections;
    93000 nanoseconds spent preparing 1 JDBC statements;
    1058500 nanoseconds spent executing 1 JDBC statements;
    0 nanoseconds spent executing 0 JDBC batches;
    0 nanoseconds spent performing 0 L2C puts;
    0 nanoseconds spent performing 0 L2C hits;
    0 nanoseconds spent performing 0 L2C misses;
    0 nanoseconds spent executing 0 flushes (flushing a total of 0 entities and 0 collections);
    0 nanoseconds spent executing 0 partial-flushes (flushing a total of 0 entities and 0 collections)
}
]]></system-out>
  <system-err><![CDATA[]]></system-err>
</testsuite>
