<?xml version="1.0" encoding="UTF-8"?>
<testsuite name="com.adm.product.infrastructure.MainTest" tests="1" skipped="0" failures="0" errors="0" timestamp="2025-07-24T18:11:02" hostname="LAPTOP-DFF0LMSS" time="13.537">
  <properties/>
  <testcase name="testMain()" classname="com.adm.product.infrastructure.MainTest" time="13.537"/>
  <system-out><![CDATA[Hello world!

  .   ____          _            __ _ _
 /\\ / ___'_ __ _ _(_)_ __  __ _ \ \ \ \
( ( )\___ | '_ | '_| | '_ \/ _` | \ \ \ \
 \\/  ___)| |_)| | | | | || (_| |  ) ) ) )
  '  |____| .__|_| |_|_| |_\__, | / / / /
 =========|_|==============|___/=/_/_/_/
 :: Spring Boot ::                (v2.6.7)

2025-07-24 14:11:03.450  INFO 168344 --- [    Test worker] com.adm.product.infrastructure.Main      : Starting Main using Java 17.0.2 on LAPTOP-DFF0LMSS with PID 168344 (started by frankwillians in /home/frankwillians/admin-de-product/infrastructure)
2025-07-24 14:11:03.457  INFO 168344 --- [    Test worker] com.adm.product.infrastructure.Main      : The following 1 profile is active: "test"
2025-07-24 14:11:05.499  INFO 168344 --- [    Test worker] .s.d.r.c.RepositoryConfigurationDelegate : Bootstrapping Spring Data JPA repositories in DEFAULT mode.
2025-07-24 14:11:05.630  INFO 168344 --- [    Test worker] .s.d.r.c.RepositoryConfigurationDelegate : Finished Spring Data repository scanning in 108 ms. Found 2 JPA repository interfaces.
2025-07-24 14:11:07.053  WARN 168344 --- [    Test worker] io.undertow.websockets.jsr               : UT026010: Buffer pool was not set on WebSocketDeploymentInfo, the default pool will be used
2025-07-24 14:11:07.109  INFO 168344 --- [    Test worker] io.undertow.servlet                      : Initializing Spring embedded WebApplicationContext
2025-07-24 14:11:07.110  INFO 168344 --- [    Test worker] w.s.c.ServletWebServerApplicationContext : Root WebApplicationContext: initialization completed in 3576 ms
2025-07-24 14:11:07.198  WARN 168344 --- [    Test worker] com.zaxxer.hikari.HikariConfig           : master - idleTimeout is close to or more than maxLifetime, disabling it.
2025-07-24 14:11:07.202  INFO 168344 --- [    Test worker] com.zaxxer.hikari.HikariDataSource       : master - Starting...
2025-07-24 14:11:07.807  INFO 168344 --- [    Test worker] com.zaxxer.hikari.HikariDataSource       : master - Start completed.
2025-07-24 14:11:07.848  INFO 168344 --- [    Test worker] o.s.b.a.h2.H2ConsoleAutoConfiguration    : H2 console available at '/h2'. Database available at 'jdbc:h2:mem:adm_products_test'
2025-07-24 14:11:08.333  INFO 168344 --- [    Test worker] o.f.c.internal.license.VersionPrinter    : Flyway Community Edition 8.0.5 by Redgate
2025-07-24 14:11:08.335  INFO 168344 --- [    Test worker] o.f.c.i.database.base.BaseDatabaseType   : Database: jdbc:h2:mem:adm_products_test (H2 1.4)
2025-07-24 14:11:08.521  INFO 168344 --- [    Test worker] o.f.core.internal.command.DbValidate     : Successfully validated 2 migrations (execution time 00:00.064s)
2025-07-24 14:11:08.569  INFO 168344 --- [    Test worker] o.f.c.i.s.JdbcTableSchemaHistory         : Creating Schema History table "public"."flyway_schema_history" ...
2025-07-24 14:11:08.728  INFO 168344 --- [    Test worker] o.f.core.internal.command.DbMigrate      : Current version of schema "public": << Empty Schema >>
2025-07-24 14:11:08.743  INFO 168344 --- [    Test worker] o.f.core.internal.command.DbMigrate      : Migrating schema "public" to version "1 - initial"
2025-07-24 14:11:08.827  INFO 168344 --- [    Test worker] o.f.core.internal.command.DbMigrate      : Migrating schema "public" to version "2 - initial outbox"
2025-07-24 14:11:08.892  INFO 168344 --- [    Test worker] o.f.core.internal.command.DbMigrate      : Successfully applied 2 migrations to schema "public", now at version v2 (execution time 00:00.188s)
2025-07-24 14:11:09.083  INFO 168344 --- [    Test worker] o.hibernate.jpa.internal.util.LogHelper  : HHH000204: Processing PersistenceUnitInfo [name: default]
2025-07-24 14:11:09.222  INFO 168344 --- [    Test worker] org.hibernate.Version                    : HHH000412: Hibernate ORM core version 5.6.8.Final
2025-07-24 14:11:09.740  INFO 168344 --- [    Test worker] o.hibernate.annotations.common.Version   : HCANN000001: Hibernate Commons Annotations {5.1.2.Final}
2025-07-24 14:11:10.081  INFO 168344 --- [    Test worker] org.hibernate.dialect.Dialect            : HHH000400: Using dialect: org.hibernate.dialect.MySQL5InnoDBDialect
2025-07-24 14:11:11.313  INFO 168344 --- [    Test worker] o.h.e.t.j.p.i.JtaPlatformInitiator       : HHH000490: Using JtaPlatform implementation: [org.hibernate.engine.transaction.jta.platform.internal.NoJtaPlatform]
2025-07-24 14:11:11.333  INFO 168344 --- [    Test worker] j.LocalContainerEntityManagerFactoryBean : Initialized JPA EntityManagerFactory for persistence unit 'default'
2025-07-24 14:11:11.833  INFO 168344 --- [    Test worker] i.StatisticalLoggingSessionEventListener : Session Metrics {
    0 nanoseconds spent acquiring 0 JDBC connections;
    0 nanoseconds spent releasing 0 JDBC connections;
    0 nanoseconds spent preparing 0 JDBC statements;
    0 nanoseconds spent executing 0 JDBC statements;
    0 nanoseconds spent executing 0 JDBC batches;
    0 nanoseconds spent performing 0 L2C puts;
    0 nanoseconds spent performing 0 L2C hits;
    0 nanoseconds spent performing 0 L2C misses;
    0 nanoseconds spent executing 0 flushes (flushing a total of 0 entities and 0 collections);
    0 nanoseconds spent executing 0 partial-flushes (flushing a total of 0 entities and 0 collections)
}
2025-07-24 14:11:11.837  INFO 168344 --- [    Test worker] i.StatisticalLoggingSessionEventListener : Session Metrics {
    0 nanoseconds spent acquiring 0 JDBC connections;
    0 nanoseconds spent releasing 0 JDBC connections;
    0 nanoseconds spent preparing 0 JDBC statements;
    0 nanoseconds spent executing 0 JDBC statements;
    0 nanoseconds spent executing 0 JDBC batches;
    0 nanoseconds spent performing 0 L2C puts;
    0 nanoseconds spent performing 0 L2C hits;
    0 nanoseconds spent performing 0 L2C misses;
    0 nanoseconds spent executing 0 flushes (flushing a total of 0 entities and 0 collections);
    0 nanoseconds spent executing 0 partial-flushes (flushing a total of 0 entities and 0 collections)
}
2025-07-24 14:11:12.021  INFO 168344 --- [    Test worker] i.StatisticalLoggingSessionEventListener : Session Metrics {
    0 nanoseconds spent acquiring 0 JDBC connections;
    0 nanoseconds spent releasing 0 JDBC connections;
    0 nanoseconds spent preparing 0 JDBC statements;
    0 nanoseconds spent executing 0 JDBC statements;
    0 nanoseconds spent executing 0 JDBC batches;
    0 nanoseconds spent performing 0 L2C puts;
    0 nanoseconds spent performing 0 L2C hits;
    0 nanoseconds spent performing 0 L2C misses;
    0 nanoseconds spent executing 0 flushes (flushing a total of 0 entities and 0 collections);
    0 nanoseconds spent executing 0 partial-flushes (flushing a total of 0 entities and 0 collections)
}
2025-07-24 14:11:12.191  INFO 168344 --- [    Test worker] i.StatisticalLoggingSessionEventListener : Session Metrics {
    0 nanoseconds spent acquiring 0 JDBC connections;
    0 nanoseconds spent releasing 0 JDBC connections;
    0 nanoseconds spent preparing 0 JDBC statements;
    0 nanoseconds spent executing 0 JDBC statements;
    0 nanoseconds spent executing 0 JDBC batches;
    0 nanoseconds spent performing 0 L2C puts;
    0 nanoseconds spent performing 0 L2C hits;
    0 nanoseconds spent performing 0 L2C misses;
    0 nanoseconds spent executing 0 flushes (flushing a total of 0 entities and 0 collections);
    0 nanoseconds spent executing 0 partial-flushes (flushing a total of 0 entities and 0 collections)
}
2025-07-24 14:11:12.211  INFO 168344 --- [    Test worker] i.StatisticalLoggingSessionEventListener : Session Metrics {
    0 nanoseconds spent acquiring 0 JDBC connections;
    0 nanoseconds spent releasing 0 JDBC connections;
    0 nanoseconds spent preparing 0 JDBC statements;
    0 nanoseconds spent executing 0 JDBC statements;
    0 nanoseconds spent executing 0 JDBC batches;
    0 nanoseconds spent performing 0 L2C puts;
    0 nanoseconds spent performing 0 L2C hits;
    0 nanoseconds spent performing 0 L2C misses;
    0 nanoseconds spent executing 0 flushes (flushing a total of 0 entities and 0 collections);
    0 nanoseconds spent executing 0 partial-flushes (flushing a total of 0 entities and 0 collections)
}
2025-07-24 14:11:15.232  INFO 168344 --- [    Test worker] io.undertow                              : starting server: Undertow - 2.2.17.Final
2025-07-24 14:11:15.251  INFO 168344 --- [    Test worker] org.xnio                                 : XNIO version 3.8.6.Final
2025-07-24 14:11:15.272  INFO 168344 --- [    Test worker] org.xnio.nio                             : XNIO NIO Implementation Version 3.8.6.Final
2025-07-24 14:11:15.482  INFO 168344 --- [    Test worker] org.jboss.threads                        : JBoss Threads version 3.1.0.Final
2025-07-24 14:11:15.576  INFO 168344 --- [    Test worker] o.s.b.w.e.undertow.UndertowWebServer     : Undertow started on port(s) 8082 (http)
2025-07-24 14:11:15.607  INFO 168344 --- [    Test worker] com.adm.product.infrastructure.Main      : Started Main in 13.172 seconds (JVM running for 15.732)
]]></system-out>
  <system-err><![CDATA[]]></system-err>
</testsuite>
