<?xml version="1.0" encoding="UTF-8"?>
<testsuite name="com.adm.product.infrastructure.product.persistence.ProductRepositoryTest" tests="1" skipped="0" failures="0" errors="0" timestamp="2025-07-24T18:11:25" hostname="LAPTOP-DFF0LMSS" time="0.045">
  <properties/>
  <testcase name="givenAnInvalidNullName_whenCallsSave_shouldReturnError()" classname="com.adm.product.infrastructure.product.persistence.ProductRepositoryTest" time="0.045"/>
  <system-out><![CDATA[2025-07-24 14:11:25.917  INFO 168344 --- [    Test worker] b.t.a.o.j.DataJpaTestContextBootstrapper : Neither @ContextConfiguration nor @ContextHierarchy found for test class [com.adm.product.infrastructure.product.persistence.ProductRepositoryTest], using SpringBootContextLoader
2025-07-24 14:11:25.919  INFO 168344 --- [    Test worker] o.s.t.c.support.AbstractContextLoader    : Could not detect default resource locations for test class [com.adm.product.infrastructure.product.persistence.ProductRepositoryTest]: no resource found for suffixes {-context.xml, Context.groovy}.
2025-07-24 14:11:25.919  INFO 168344 --- [    Test worker] t.c.s.AnnotationConfigContextLoaderUtils : Could not detect default configuration classes for test class [com.adm.product.infrastructure.product.persistence.ProductRepositoryTest]: ProductRepositoryTest does not declare any static, non-private, non-final, nested classes annotated with @Configuration.
2025-07-24 14:11:25.936  INFO 168344 --- [    Test worker] .b.t.c.SpringBootTestContextBootstrapper : Found @SpringBootConfiguration com.adm.product.infrastructure.Main for test class com.adm.product.infrastructure.product.persistence.ProductRepositoryTest
2025-07-24 14:11:25.938  INFO 168344 --- [    Test worker] b.t.a.o.j.DataJpaTestContextBootstrapper : Loaded default TestExecutionListener class names from location [META-INF/spring.factories]: [org.springframework.boot.test.autoconfigure.restdocs.RestDocsTestExecutionListener, org.springframework.boot.test.autoconfigure.web.client.MockRestServiceServerResetTestExecutionListener, org.springframework.boot.test.autoconfigure.web.servlet.MockMvcPrintOnlyOnFailureTestExecutionListener, org.springframework.boot.test.autoconfigure.web.servlet.WebDriverTestExecutionListener, org.springframework.boot.test.autoconfigure.webservices.client.MockWebServiceServerTestExecutionListener, org.springframework.boot.test.mock.mockito.MockitoTestExecutionListener, org.springframework.boot.test.mock.mockito.ResetMocksTestExecutionListener, org.springframework.test.context.web.ServletTestExecutionListener, org.springframework.test.context.support.DirtiesContextBeforeModesTestExecutionListener, org.springframework.test.context.event.ApplicationEventsTestExecutionListener, org.springframework.test.context.support.DependencyInjectionTestExecutionListener, org.springframework.test.context.support.DirtiesContextTestExecutionListener, org.springframework.test.context.transaction.TransactionalTestExecutionListener, org.springframework.test.context.jdbc.SqlScriptsTestExecutionListener, org.springframework.test.context.event.EventPublishingTestExecutionListener]
2025-07-24 14:11:25.939  INFO 168344 --- [    Test worker] b.t.a.o.j.DataJpaTestContextBootstrapper : Using TestExecutionListeners: [org.springframework.test.context.web.ServletTestExecutionListener@558bff39, org.springframework.test.context.support.DirtiesContextBeforeModesTestExecutionListener@7e01d838, org.springframework.test.context.event.ApplicationEventsTestExecutionListener@2e3334d, org.springframework.boot.test.mock.mockito.MockitoTestExecutionListener@66a5f996, org.springframework.boot.test.autoconfigure.SpringBootDependencyInjectionTestExecutionListener@6cddb04c, org.springframework.test.context.support.DirtiesContextTestExecutionListener@1c6d65f7, org.springframework.test.context.transaction.TransactionalTestExecutionListener@70f446c, org.springframework.test.context.jdbc.SqlScriptsTestExecutionListener@4e2f6452, org.springframework.test.context.event.EventPublishingTestExecutionListener@4ff1e20b, org.springframework.boot.test.autoconfigure.restdocs.RestDocsTestExecutionListener@38c464df, org.springframework.boot.test.autoconfigure.web.client.MockRestServiceServerResetTestExecutionListener@45957b8f, org.springframework.boot.test.autoconfigure.web.servlet.MockMvcPrintOnlyOnFailureTestExecutionListener@70ad9a9b, org.springframework.boot.test.autoconfigure.web.servlet.WebDriverTestExecutionListener@300cdf3f, org.springframework.boot.test.autoconfigure.webservices.client.MockWebServiceServerTestExecutionListener@2b75b77d, org.springframework.boot.test.mock.mockito.ResetMocksTestExecutionListener@4552f89f]
2025-07-24 14:11:25.950  INFO 168344 --- [    Test worker] o.s.t.c.transaction.TransactionContext   : Began transaction (1) for test context [DefaultTestContext@f9402c2 testClass = ProductRepositoryTest, testInstance = com.adm.product.infrastructure.product.persistence.ProductRepositoryTest@9dc9212, testMethod = givenAnInvalidNullName_whenCallsSave_shouldReturnError@ProductRepositoryTest, testException = [null], mergedContextConfiguration = [MergedContextConfiguration@5b9815b6 testClass = ProductRepositoryTest, locations = '{}', classes = '{class com.adm.product.infrastructure.Main}', contextInitializerClasses = '[]', activeProfiles = '{test}', propertySourceLocations = '{}', propertySourceProperties = '{org.springframework.boot.test.autoconfigure.orm.jpa.DataJpaTestContextBootstrapper=true}', contextCustomizers = set[org.springframework.boot.test.autoconfigure.OverrideAutoConfigurationContextCustomizerFactory$DisableAutoConfigurationContextCustomizer@c3df740, org.springframework.boot.test.autoconfigure.actuate.metrics.MetricsExportContextCustomizerFactory$DisableMetricExportContextCustomizer@6fb2b972, org.springframework.boot.test.autoconfigure.filter.TypeExcludeFiltersContextCustomizer@351584c0, org.springframework.boot.test.autoconfigure.properties.PropertyMappingContextCustomizer@65d246ac, org.springframework.boot.test.autoconfigure.web.servlet.WebDriverContextCustomizerFactory$Customizer@797ca322, [ImportsContextCustomizer@3c175d82 key = [org.springframework.boot.autoconfigure.cache.CacheAutoConfiguration, org.springframework.boot.autoconfigure.data.jpa.JpaRepositoriesAutoConfiguration, org.springframework.boot.autoconfigure.flyway.FlywayAutoConfiguration, org.springframework.boot.autoconfigure.jdbc.DataSourceAutoConfiguration, org.springframework.boot.autoconfigure.jdbc.DataSourceTransactionManagerAutoConfiguration, org.springframework.boot.autoconfigure.jdbc.JdbcTemplateAutoConfiguration, org.springframework.boot.autoconfigure.liquibase.LiquibaseAutoConfiguration, org.springframework.boot.autoconfigure.orm.jpa.HibernateJpaAutoConfiguration, org.springframework.boot.autoconfigure.sql.init.SqlInitializationAutoConfiguration, org.springframework.boot.autoconfigure.transaction.TransactionAutoConfiguration, org.springframework.boot.test.autoconfigure.jdbc.TestDatabaseAutoConfiguration, org.springframework.boot.test.autoconfigure.orm.jpa.TestEntityManagerAutoConfiguration]], org.springframework.boot.test.context.filter.ExcludeFilterContextCustomizer@25630ede, org.springframework.boot.test.json.DuplicateJsonObjectContextCustomizerFactory$DuplicateJsonObjectContextCustomizer@206de1f, org.springframework.boot.test.mock.mockito.MockitoContextCustomizer@0, org.springframework.boot.test.context.SpringBootTestArgs@1, org.springframework.boot.test.context.SpringBootTestWebEnvironment@0], contextLoader = 'org.springframework.boot.test.context.SpringBootContextLoader', parent = [null]], attributes = map['org.springframework.test.context.event.ApplicationEventsTestExecutionListener.recordApplicationEvents' -> false]]; transaction manager [org.springframework.orm.jpa.JpaTransactionManager@1fb320de]; rollback [true]
Hibernate: select productjpa0_.id as id1_0_, productjpa0_.brand as brand2_0_, productjpa0_.description as descript3_0_, productjpa0_.name as name4_0_, productjpa0_.price as price5_0_ from product productjpa0_
Hibernate: select productout0_.id as id1_1_, productout0_.brand as brand2_1_, productout0_.description as descript3_1_, productout0_.name as name4_1_, productout0_.price as price5_1_ from product_outbox productout0_
Um lancamento Apple 2025
Hibernate: select productjpa0_.id as id1_0_0_, productjpa0_.brand as brand2_0_0_, productjpa0_.description as descript3_0_0_, productjpa0_.name as name4_0_0_, productjpa0_.price as price5_0_0_ from product productjpa0_ where productjpa0_.id=?
2025-07-24 14:11:25.990  INFO 168344 --- [    Test worker] i.StatisticalLoggingSessionEventListener : Session Metrics {
    733500 nanoseconds spent acquiring 1 JDBC connections;
    0 nanoseconds spent releasing 0 JDBC connections;
    1532200 nanoseconds spent preparing 3 JDBC statements;
    605900 nanoseconds spent executing 3 JDBC statements;
    0 nanoseconds spent executing 0 JDBC batches;
    0 nanoseconds spent performing 0 L2C puts;
    0 nanoseconds spent performing 0 L2C hits;
    0 nanoseconds spent performing 0 L2C misses;
    0 nanoseconds spent executing 0 flushes (flushing a total of 0 entities and 0 collections);
    17600 nanoseconds spent executing 2 partial-flushes (flushing a total of 0 entities and 0 collections)
}
2025-07-24 14:11:25.991  INFO 168344 --- [    Test worker] o.s.t.c.transaction.TransactionContext   : Rolled back transaction for test: [DefaultTestContext@f9402c2 testClass = ProductRepositoryTest, testInstance = com.adm.product.infrastructure.product.persistence.ProductRepositoryTest@9dc9212, testMethod = givenAnInvalidNullName_whenCallsSave_shouldReturnError@ProductRepositoryTest, testException = [null], mergedContextConfiguration = [MergedContextConfiguration@5b9815b6 testClass = ProductRepositoryTest, locations = '{}', classes = '{class com.adm.product.infrastructure.Main}', contextInitializerClasses = '[]', activeProfiles = '{test}', propertySourceLocations = '{}', propertySourceProperties = '{org.springframework.boot.test.autoconfigure.orm.jpa.DataJpaTestContextBootstrapper=true}', contextCustomizers = set[org.springframework.boot.test.autoconfigure.OverrideAutoConfigurationContextCustomizerFactory$DisableAutoConfigurationContextCustomizer@c3df740, org.springframework.boot.test.autoconfigure.actuate.metrics.MetricsExportContextCustomizerFactory$DisableMetricExportContextCustomizer@6fb2b972, org.springframework.boot.test.autoconfigure.filter.TypeExcludeFiltersContextCustomizer@351584c0, org.springframework.boot.test.autoconfigure.properties.PropertyMappingContextCustomizer@65d246ac, org.springframework.boot.test.autoconfigure.web.servlet.WebDriverContextCustomizerFactory$Customizer@797ca322, [ImportsContextCustomizer@3c175d82 key = [org.springframework.boot.autoconfigure.cache.CacheAutoConfiguration, org.springframework.boot.autoconfigure.data.jpa.JpaRepositoriesAutoConfiguration, org.springframework.boot.autoconfigure.flyway.FlywayAutoConfiguration, org.springframework.boot.autoconfigure.jdbc.DataSourceAutoConfiguration, org.springframework.boot.autoconfigure.jdbc.DataSourceTransactionManagerAutoConfiguration, org.springframework.boot.autoconfigure.jdbc.JdbcTemplateAutoConfiguration, org.springframework.boot.autoconfigure.liquibase.LiquibaseAutoConfiguration, org.springframework.boot.autoconfigure.orm.jpa.HibernateJpaAutoConfiguration, org.springframework.boot.autoconfigure.sql.init.SqlInitializationAutoConfiguration, org.springframework.boot.autoconfigure.transaction.TransactionAutoConfiguration, org.springframework.boot.test.autoconfigure.jdbc.TestDatabaseAutoConfiguration, org.springframework.boot.test.autoconfigure.orm.jpa.TestEntityManagerAutoConfiguration]], org.springframework.boot.test.context.filter.ExcludeFilterContextCustomizer@25630ede, org.springframework.boot.test.json.DuplicateJsonObjectContextCustomizerFactory$DuplicateJsonObjectContextCustomizer@206de1f, org.springframework.boot.test.mock.mockito.MockitoContextCustomizer@0, org.springframework.boot.test.context.SpringBootTestArgs@1, org.springframework.boot.test.context.SpringBootTestWebEnvironment@0], contextLoader = 'org.springframework.boot.test.context.SpringBootContextLoader', parent = [null]], attributes = map['org.springframework.test.context.event.ApplicationEventsTestExecutionListener.recordApplicationEvents' -> false]]
]]></system-out>
  <system-err><![CDATA[]]></system-err>
</testsuite>
