<?xml version="1.0" encoding="UTF-8"?>
<testsuite name="com.adm.product.infrastructure.MainTest" tests="1" skipped="0" failures="0" errors="0" timestamp="2025-07-06T23:30:22" hostname="LAPTOP-DFF0LMSS" time="7.93">
  <properties/>
  <testcase name="testMain()" classname="com.adm.product.infrastructure.MainTest" time="7.93"/>
  <system-out><![CDATA[Hello world!

  .   ____          _            __ _ _
 /\\ / ___'_ __ _ _(_)_ __  __ _ \ \ \ \
( ( )\___ | '_ | '_| | '_ \/ _` | \ \ \ \
 \\/  ___)| |_)| | | | | || (_| |  ) ) ) )
  '  |____| .__|_| |_|_| |_\__, | / / / /
 =========|_|==============|___/=/_/_/_/
 :: Spring Boot ::                (v2.6.7)

2025-07-06 19:30:23.804  INFO 136135 --- [    Test worker] com.adm.product.infrastructure.Main      : Starting Main using Java 17.0.2 on LAPTOP-DFF0LMSS with PID 136135 (started by frankwillians in /home/frankwillians/admin-de-product/infrastructure)
2025-07-06 19:30:23.811  INFO 136135 --- [    Test worker] com.adm.product.infrastructure.Main      : The following 1 profile is active: "test"
2025-07-06 19:30:25.401  INFO 136135 --- [    Test worker] .s.d.r.c.RepositoryConfigurationDelegate : Bootstrapping Spring Data JPA repositories in DEFAULT mode.
2025-07-06 19:30:25.447  INFO 136135 --- [    Test worker] .s.d.r.c.RepositoryConfigurationDelegate : Finished Spring Data repository scanning in 19 ms. Found 0 JPA repository interfaces.
2025-07-06 19:30:26.793  WARN 136135 --- [    Test worker] io.undertow.websockets.jsr               : UT026010: Buffer pool was not set on WebSocketDeploymentInfo, the default pool will be used
2025-07-06 19:30:26.843  INFO 136135 --- [    Test worker] io.undertow.servlet                      : Initializing Spring embedded WebApplicationContext
2025-07-06 19:30:26.843  INFO 136135 --- [    Test worker] w.s.c.ServletWebServerApplicationContext : Root WebApplicationContext: initialization completed in 2957 ms
2025-07-06 19:30:26.927  WARN 136135 --- [    Test worker] com.zaxxer.hikari.HikariConfig           : master - idleTimeout is close to or more than maxLifetime, disabling it.
2025-07-06 19:30:26.931  INFO 136135 --- [    Test worker] com.zaxxer.hikari.HikariDataSource       : master - Starting...
2025-07-06 19:30:27.373  INFO 136135 --- [    Test worker] com.zaxxer.hikari.HikariDataSource       : master - Start completed.
2025-07-06 19:30:27.413  INFO 136135 --- [    Test worker] o.s.b.a.h2.H2ConsoleAutoConfiguration    : H2 console available at '/h2'. Database available at 'jdbc:h2:mem:adm_products_test'
2025-07-06 19:30:27.723  INFO 136135 --- [    Test worker] o.hibernate.jpa.internal.util.LogHelper  : HHH000204: Processing PersistenceUnitInfo [name: default]
2025-07-06 19:30:27.871  INFO 136135 --- [    Test worker] org.hibernate.Version                    : HHH000412: Hibernate ORM core version 5.6.8.Final
2025-07-06 19:30:28.260  INFO 136135 --- [    Test worker] o.hibernate.annotations.common.Version   : HCANN000001: Hibernate Commons Annotations {5.1.2.Final}
2025-07-06 19:30:28.465  INFO 136135 --- [    Test worker] org.hibernate.dialect.Dialect            : HHH000400: Using dialect: org.hibernate.dialect.MySQL5InnoDBDialect
2025-07-06 19:30:28.863  INFO 136135 --- [    Test worker] o.h.e.t.j.p.i.JtaPlatformInitiator       : HHH000490: Using JtaPlatform implementation: [org.hibernate.engine.transaction.jta.platform.internal.NoJtaPlatform]
2025-07-06 19:30:28.889  INFO 136135 --- [    Test worker] j.LocalContainerEntityManagerFactoryBean : Initialized JPA EntityManagerFactory for persistence unit 'default'
2025-07-06 19:30:30.035  INFO 136135 --- [    Test worker] io.undertow                              : starting server: Undertow - 2.2.17.Final
2025-07-06 19:30:30.058  INFO 136135 --- [    Test worker] org.xnio                                 : XNIO version 3.8.6.Final
2025-07-06 19:30:30.080  INFO 136135 --- [    Test worker] org.xnio.nio                             : XNIO NIO Implementation Version 3.8.6.Final
2025-07-06 19:30:30.368  INFO 136135 --- [    Test worker] org.jboss.threads                        : JBoss Threads version 3.1.0.Final
2025-07-06 19:30:30.485  INFO 136135 --- [    Test worker] o.s.b.w.e.undertow.UndertowWebServer     : Undertow started on port(s) 8080 (http)
2025-07-06 19:30:30.530  INFO 136135 --- [    Test worker] com.adm.product.infrastructure.Main      : Started Main in 7.631 seconds (JVM running for 9.534)
]]></system-out>
  <system-err><![CDATA[]]></system-err>
</testsuite>
