<?xml version="1.0" encoding="UTF-8"?>
<testsuite name="com.adm.product.infrastructure.api.ProductAPITest" tests="5" skipped="0" failures="0" errors="0" timestamp="2025-07-24T18:11:24" hostname="LAPTOP-DFF0LMSS" time="0.506">
  <properties/>
  <testcase name="givenAValidId_whenCallsGetProduct_shouldReturnProduct()" classname="com.adm.product.infrastructure.api.ProductAPITest" time="0.295"/>
  <testcase name="givenAInvalidId_whenCallsGetProduct_shouldReturnNotFound()" classname="com.adm.product.infrastructure.api.ProductAPITest" time="0.036"/>
  <testcase name="givenAInvalidCommand_whenCallsCreateProduct_thenShouldReturnDomainException()" classname="com.adm.product.infrastructure.api.ProductAPITest" time="0.102"/>
  <testcase name="givenAInvalidName_whenCallsCreateProduct_thenShouldReturnNotification()" classname="com.adm.product.infrastructure.api.ProductAPITest" time="0.027"/>
  <testcase name="givenAValidCommand_whenCallsCreateProduct_shouldReturnProductId()" classname="com.adm.product.infrastructure.api.ProductAPITest" time="0.03"/>
  <system-out><![CDATA[2025-07-24 14:11:22.524  INFO 168344 --- [    Test worker] .b.t.a.w.s.WebMvcTestContextBootstrapper : Neither @ContextConfiguration nor @ContextHierarchy found for test class [com.adm.product.infrastructure.api.ProductAPITest], using SpringBootContextLoader
2025-07-24 14:11:22.536  INFO 168344 --- [    Test worker] o.s.t.c.support.AbstractContextLoader    : Could not detect default resource locations for test class [com.adm.product.infrastructure.api.ProductAPITest]: no resource found for suffixes {-context.xml, Context.groovy}.
2025-07-24 14:11:22.538  INFO 168344 --- [    Test worker] t.c.s.AnnotationConfigContextLoaderUtils : Could not detect default configuration classes for test class [com.adm.product.infrastructure.api.ProductAPITest]: ProductAPITest does not declare any static, non-private, non-final, nested classes annotated with @Configuration.
2025-07-24 14:11:22.636  INFO 168344 --- [    Test worker] .b.t.c.SpringBootTestContextBootstrapper : Found @SpringBootConfiguration com.adm.product.infrastructure.Main for test class com.adm.product.infrastructure.api.ProductAPITest
2025-07-24 14:11:22.639  INFO 168344 --- [    Test worker] .b.t.a.w.s.WebMvcTestContextBootstrapper : Loaded default TestExecutionListener class names from location [META-INF/spring.factories]: [org.springframework.boot.test.autoconfigure.restdocs.RestDocsTestExecutionListener, org.springframework.boot.test.autoconfigure.web.client.MockRestServiceServerResetTestExecutionListener, org.springframework.boot.test.autoconfigure.web.servlet.MockMvcPrintOnlyOnFailureTestExecutionListener, org.springframework.boot.test.autoconfigure.web.servlet.WebDriverTestExecutionListener, org.springframework.boot.test.autoconfigure.webservices.client.MockWebServiceServerTestExecutionListener, org.springframework.boot.test.mock.mockito.MockitoTestExecutionListener, org.springframework.boot.test.mock.mockito.ResetMocksTestExecutionListener, org.springframework.test.context.web.ServletTestExecutionListener, org.springframework.test.context.support.DirtiesContextBeforeModesTestExecutionListener, org.springframework.test.context.event.ApplicationEventsTestExecutionListener, org.springframework.test.context.support.DependencyInjectionTestExecutionListener, org.springframework.test.context.support.DirtiesContextTestExecutionListener, org.springframework.test.context.transaction.TransactionalTestExecutionListener, org.springframework.test.context.jdbc.SqlScriptsTestExecutionListener, org.springframework.test.context.event.EventPublishingTestExecutionListener]
2025-07-24 14:11:22.640  INFO 168344 --- [    Test worker] .b.t.a.w.s.WebMvcTestContextBootstrapper : Using TestExecutionListeners: [org.springframework.test.context.web.ServletTestExecutionListener@98dc042, org.springframework.test.context.support.DirtiesContextBeforeModesTestExecutionListener@47c14360, org.springframework.test.context.event.ApplicationEventsTestExecutionListener@2a90c15e, org.springframework.boot.test.mock.mockito.MockitoTestExecutionListener@55a46bf3, org.springframework.boot.test.autoconfigure.SpringBootDependencyInjectionTestExecutionListener@324c3ed5, org.springframework.test.context.support.DirtiesContextTestExecutionListener@7f5ba1bf, org.springframework.test.context.transaction.TransactionalTestExecutionListener@536d153b, org.springframework.test.context.jdbc.SqlScriptsTestExecutionListener@25e01756, org.springframework.test.context.event.EventPublishingTestExecutionListener@76093fa9, org.springframework.boot.test.autoconfigure.restdocs.RestDocsTestExecutionListener@547d3e8e, org.springframework.boot.test.autoconfigure.web.client.MockRestServiceServerResetTestExecutionListener@6f823df7, org.springframework.boot.test.autoconfigure.web.servlet.MockMvcPrintOnlyOnFailureTestExecutionListener@4afdcdf6, org.springframework.boot.test.autoconfigure.web.servlet.WebDriverTestExecutionListener@75364777, org.springframework.boot.test.autoconfigure.webservices.client.MockWebServiceServerTestExecutionListener@48028e11, org.springframework.boot.test.mock.mockito.ResetMocksTestExecutionListener@36117f63]

  .   ____          _            __ _ _
 /\\ / ___'_ __ _ _(_)_ __  __ _ \ \ \ \
( ( )\___ | '_ | '_| | '_ \/ _` | \ \ \ \
 \\/  ___)| |_)| | | | | || (_| |  ) ) ) )
  '  |____| .__|_| |_|_| |_\__, | / / / /
 =========|_|==============|___/=/_/_/_/
 :: Spring Boot ::                (v2.6.7)

2025-07-24 14:11:22.718  INFO 168344 --- [    Test worker] c.a.p.infrastructure.api.ProductAPITest  : Starting ProductAPITest using Java 17.0.2 on LAPTOP-DFF0LMSS with PID 168344 (started by frankwillians in /home/frankwillians/admin-de-product/infrastructure)
2025-07-24 14:11:22.719  INFO 168344 --- [    Test worker] c.a.p.infrastructure.api.ProductAPITest  : The following 1 profile is active: "test"
2025-07-24 14:11:24.015  INFO 168344 --- [    Test worker] o.s.b.t.m.w.SpringBootMockServletContext : Initializing Spring TestDispatcherServlet ''
2025-07-24 14:11:24.015  INFO 168344 --- [    Test worker] o.s.t.web.servlet.TestDispatcherServlet  : Initializing Servlet ''
2025-07-24 14:11:24.017  INFO 168344 --- [    Test worker] o.s.t.web.servlet.TestDispatcherServlet  : Completed initialization in 2 ms
2025-07-24 14:11:24.039  INFO 168344 --- [    Test worker] c.a.p.infrastructure.api.ProductAPITest  : Started ProductAPITest in 1.393 seconds (JVM running for 24.164)

MockHttpServletRequest:
      HTTP Method = GET
      Request URI = /products/fc53cd1d-af47-4350-be7d-2d64f5fe425c
       Parameters = {}
          Headers = []
             Body = null
    Session Attrs = {}

Handler:
             Type = com.adm.product.infrastructure.api.controllers.ProductController
           Method = com.adm.product.infrastructure.api.controllers.ProductController#getById(String)

Async:
    Async started = false
     Async result = null

Resolved Exception:
             Type = null

ModelAndView:
        View name = null
             View = null
            Model = null

FlashMap:
       Attributes = null

MockHttpServletResponse:
           Status = 200
    Error message = null
          Headers = [Content-Type:"application/json"]
     Content type = application/json
             Body = {"id":"fc53cd1d-af47-4350-be7d-2d64f5fe425c","name":"Iphone 13","brand":"Apple","description":"Um lancamento Apple 2025","price":10.0}
    Forwarded URL = null
   Redirected URL = null
          Cookies = []

MockHttpServletRequest:
      HTTP Method = GET
      Request URI = /products/456
       Parameters = {}
          Headers = []
             Body = null
    Session Attrs = {}

Handler:
             Type = com.adm.product.infrastructure.api.controllers.ProductController
           Method = com.adm.product.infrastructure.api.controllers.ProductController#getById(String)

Async:
    Async started = false
     Async result = null

Resolved Exception:
             Type = com.adm.product.domain.exceptions.DomainException

ModelAndView:
        View name = null
             View = null
            Model = null

FlashMap:
       Attributes = null

MockHttpServletResponse:
           Status = 422
    Error message = null
          Headers = [Content-Type:"application/json"]
     Content type = application/json
             Body = {"message":"Product with ID 456 was not found","errors":[{"message":"Product with ID 456 was not found"}]}
    Forwarded URL = null
   Redirected URL = null
          Cookies = []
org.springframework.test.web.servlet.MockMvc$1@76b06e50

MockHttpServletRequest:
      HTTP Method = POST
      Request URI = /products
       Parameters = {}
          Headers = [Content-Type:"application/json;charset=UTF-8", Content-Length:"83"]
             Body = {"name":null,"brand":"Apple","description":"Um lancamento Apple 2025","price":10.0}
    Session Attrs = {}

Handler:
             Type = com.adm.product.infrastructure.api.controllers.ProductController
           Method = com.adm.product.infrastructure.api.controllers.ProductController#createProduct(CreateProductApiInput)

Async:
    Async started = false
     Async result = null

Resolved Exception:
             Type = com.adm.product.domain.exceptions.DomainException

ModelAndView:
        View name = null
             View = null
            Model = null

FlashMap:
       Attributes = null

MockHttpServletResponse:
           Status = 422
    Error message = null
          Headers = [Content-Type:"application/json"]
     Content type = application/json
             Body = {"message":"'name' should not be null","errors":[{"message":"'name' should not be null"}]}
    Forwarded URL = null
   Redirected URL = null
          Cookies = []

MockHttpServletRequest:
      HTTP Method = POST
      Request URI = /products
       Parameters = {}
          Headers = [Content-Type:"application/json;charset=UTF-8", Content-Length:"83"]
             Body = {"name":null,"brand":"Apple","description":"Um lancamento Apple 2025","price":10.0}
    Session Attrs = {}

Handler:
             Type = com.adm.product.infrastructure.api.controllers.ProductController
           Method = com.adm.product.infrastructure.api.controllers.ProductController#createProduct(CreateProductApiInput)

Async:
    Async started = false
     Async result = null

Resolved Exception:
             Type = null

ModelAndView:
        View name = null
             View = null
            Model = null

FlashMap:
       Attributes = null

MockHttpServletResponse:
           Status = 422
    Error message = null
          Headers = [Content-Type:"application/json"]
     Content type = application/json
             Body = {"errors":[{"message":"'name' should not be null"}]}
    Forwarded URL = null
   Redirected URL = null
          Cookies = []

MockHttpServletRequest:
      HTTP Method = POST
      Request URI = /products
       Parameters = {}
          Headers = [Content-Type:"application/json;charset=UTF-8", Content-Length:"90"]
             Body = {"name":"Iphone 13","brand":"Apple","description":"Um lancamento Apple 2025","price":10.0}
    Session Attrs = {}

Handler:
             Type = com.adm.product.infrastructure.api.controllers.ProductController
           Method = com.adm.product.infrastructure.api.controllers.ProductController#createProduct(CreateProductApiInput)

Async:
    Async started = false
     Async result = null

Resolved Exception:
             Type = null

ModelAndView:
        View name = null
             View = null
            Model = null

FlashMap:
       Attributes = null

MockHttpServletResponse:
           Status = 201
    Error message = null
          Headers = [Location:"/products/123", Content-Type:"application/json"]
     Content type = application/json
             Body = {"id":"123"}
    Forwarded URL = null
   Redirected URL = /products/123
          Cookies = []
]]></system-out>
  <system-err><![CDATA[]]></system-err>
</testsuite>
