<?xml version="1.0" encoding="UTF-8"?>
<testsuite name="com.adm.product.application.SampleIT" tests="1" skipped="0" failures="0" errors="0" timestamp="2025-07-10T01:06:48" hostname="LAPTOP-DFF0LMSS" time="0.772">
  <properties/>
  <testcase name="testInject()" classname="com.adm.product.application.SampleIT" time="0.772"/>
  <system-out><![CDATA[21:06:36.127 [Test worker] DEBUG org.springframework.test.context.BootstrapUtils - Instantiating CacheAwareContextLoaderDelegate from class [org.springframework.test.context.cache.DefaultCacheAwareContextLoaderDelegate]
21:06:36.164 [Test worker] DEBUG org.springframework.test.context.BootstrapUtils - Instantiating BootstrapContext using constructor [public org.springframework.test.context.support.DefaultBootstrapContext(java.lang.Class,org.springframework.test.context.CacheAwareContextLoaderDelegate)]
21:06:36.300 [Test worker] DEBUG org.springframework.test.context.BootstrapUtils - Instantiating TestContextBootstrapper for test class [com.adm.product.application.SampleIT] from class [org.springframework.boot.test.context.SpringBootTestContextBootstrapper]
21:06:36.346 [Test worker] INFO org.springframework.boot.test.context.SpringBootTestContextBootstrapper - Neither @ContextConfiguration nor @ContextHierarchy found for test class [com.adm.product.application.SampleIT], using SpringBootContextLoader
21:06:36.358 [Test worker] DEBUG org.springframework.test.context.support.AbstractContextLoader - Did not detect default resource location for test class [com.adm.product.application.SampleIT]: class path resource [com/adm/product/application/SampleIT-context.xml] does not exist
21:06:36.359 [Test worker] DEBUG org.springframework.test.context.support.AbstractContextLoader - Did not detect default resource location for test class [com.adm.product.application.SampleIT]: class path resource [com/adm/product/application/SampleITContext.groovy] does not exist
21:06:36.360 [Test worker] INFO org.springframework.test.context.support.AbstractContextLoader - Could not detect default resource locations for test class [com.adm.product.application.SampleIT]: no resource found for suffixes {-context.xml, Context.groovy}.
21:06:36.882 [Test worker] DEBUG org.springframework.boot.test.context.SpringBootTestContextBootstrapper - @TestExecutionListeners is not present for class [com.adm.product.application.SampleIT]: using defaults.
21:06:36.883 [Test worker] INFO org.springframework.boot.test.context.SpringBootTestContextBootstrapper - Loaded default TestExecutionListener class names from location [META-INF/spring.factories]: [org.springframework.boot.test.autoconfigure.restdocs.RestDocsTestExecutionListener, org.springframework.boot.test.autoconfigure.web.client.MockRestServiceServerResetTestExecutionListener, org.springframework.boot.test.autoconfigure.web.servlet.MockMvcPrintOnlyOnFailureTestExecutionListener, org.springframework.boot.test.autoconfigure.web.servlet.WebDriverTestExecutionListener, org.springframework.boot.test.autoconfigure.webservices.client.MockWebServiceServerTestExecutionListener, org.springframework.boot.test.mock.mockito.MockitoTestExecutionListener, org.springframework.boot.test.mock.mockito.ResetMocksTestExecutionListener, org.springframework.test.context.web.ServletTestExecutionListener, org.springframework.test.context.support.DirtiesContextBeforeModesTestExecutionListener, org.springframework.test.context.event.ApplicationEventsTestExecutionListener, org.springframework.test.context.support.DependencyInjectionTestExecutionListener, org.springframework.test.context.support.DirtiesContextTestExecutionListener, org.springframework.test.context.transaction.TransactionalTestExecutionListener, org.springframework.test.context.jdbc.SqlScriptsTestExecutionListener, org.springframework.test.context.event.EventPublishingTestExecutionListener]
21:06:36.928 [Test worker] INFO org.springframework.boot.test.context.SpringBootTestContextBootstrapper - Using TestExecutionListeners: [org.springframework.test.context.web.ServletTestExecutionListener@2a8d39c4, org.springframework.test.context.support.DirtiesContextBeforeModesTestExecutionListener@25b2cfcb, org.springframework.test.context.event.ApplicationEventsTestExecutionListener@72758afa, org.springframework.boot.test.mock.mockito.MockitoTestExecutionListener@fb9c7aa, org.springframework.boot.test.autoconfigure.SpringBootDependencyInjectionTestExecutionListener@4c398c80, org.springframework.test.context.support.DirtiesContextTestExecutionListener@7fc6de5b, org.springframework.test.context.transaction.TransactionalTestExecutionListener@21baa903, org.springframework.test.context.jdbc.SqlScriptsTestExecutionListener@607fbe09, org.springframework.test.context.event.EventPublishingTestExecutionListener@60a2630a, org.springframework.boot.test.autoconfigure.restdocs.RestDocsTestExecutionListener@29df4d43, org.springframework.boot.test.autoconfigure.web.client.MockRestServiceServerResetTestExecutionListener@5dd91bca, org.springframework.boot.test.autoconfigure.web.servlet.MockMvcPrintOnlyOnFailureTestExecutionListener@40cb698e, org.springframework.boot.test.autoconfigure.web.servlet.WebDriverTestExecutionListener@3382f8ae, org.springframework.boot.test.autoconfigure.webservices.client.MockWebServiceServerTestExecutionListener@60641ec8, org.springframework.boot.test.mock.mockito.ResetMocksTestExecutionListener@75f65e45]
21:06:36.938 [Test worker] DEBUG org.springframework.test.context.support.AbstractDirtiesContextTestExecutionListener - Before test class: context [DefaultTestContext@65b3a85a testClass = SampleIT, testInstance = [null], testMethod = [null], testException = [null], mergedContextConfiguration = [WebMergedContextConfiguration@34997338 testClass = SampleIT, locations = '{}', classes = '{class com.adm.product.infrastructure.configuration.WebServerConfig}', contextInitializerClasses = '[]', activeProfiles = '{test}', propertySourceLocations = '{}', propertySourceProperties = '{org.springframework.boot.test.context.SpringBootTestContextBootstrapper=true}', contextCustomizers = set[org.springframework.boot.test.autoconfigure.actuate.metrics.MetricsExportContextCustomizerFactory$DisableMetricExportContextCustomizer@74589991, org.springframework.boot.test.autoconfigure.properties.PropertyMappingContextCustomizer@0, org.springframework.boot.test.autoconfigure.web.servlet.WebDriverContextCustomizerFactory$Customizer@5f9be66c, org.springframework.boot.test.context.filter.ExcludeFilterContextCustomizer@6ccdb29f, org.springframework.boot.test.json.DuplicateJsonObjectContextCustomizerFactory$DuplicateJsonObjectContextCustomizer@7b420819, org.springframework.boot.test.mock.mockito.MockitoContextCustomizer@0, org.springframework.boot.test.web.client.TestRestTemplateContextCustomizer@32c4e8b2, org.springframework.boot.test.context.SpringBootTestArgs@1, org.springframework.boot.test.context.SpringBootTestWebEnvironment@740773a3], resourceBasePath = 'src/main/webapp', contextLoader = 'org.springframework.boot.test.context.SpringBootContextLoader', parent = [null]], attributes = map['org.springframework.test.context.web.ServletTestExecutionListener.activateListener' -> true]], class annotated with @DirtiesContext [false] with mode [null].

  .   ____          _            __ _ _
 /\\ / ___'_ __ _ _(_)_ __  __ _ \ \ \ \
( ( )\___ | '_ | '_| | '_ \/ _` | \ \ \ \
 \\/  ___)| |_)| | | | | || (_| |  ) ) ) )
  '  |____| .__|_| |_|_| |_\__, | / / / /
 =========|_|==============|___/=/_/_/_/
 :: Spring Boot ::                (v2.6.7)

2025-07-09 21:06:38.174  INFO 201692 --- [    Test worker] com.adm.product.application.SampleIT     : Starting SampleIT using Java 17.0.2 on LAPTOP-DFF0LMSS with PID 201692 (started by frankwillians in /home/frankwillians/admin-de-product/infrastructure)
2025-07-09 21:06:38.189  INFO 201692 --- [    Test worker] com.adm.product.application.SampleIT     : The following 1 profile is active: "test"
2025-07-09 21:06:40.180  INFO 201692 --- [    Test worker] .s.d.r.c.RepositoryConfigurationDelegate : Bootstrapping Spring Data JPA repositories in DEFAULT mode.
2025-07-09 21:06:40.312  INFO 201692 --- [    Test worker] .s.d.r.c.RepositoryConfigurationDelegate : Finished Spring Data repository scanning in 114 ms. Found 1 JPA repository interfaces.
2025-07-09 21:06:41.542  WARN 201692 --- [    Test worker] com.zaxxer.hikari.HikariConfig           : master - idleTimeout is close to or more than maxLifetime, disabling it.
2025-07-09 21:06:41.545  INFO 201692 --- [    Test worker] com.zaxxer.hikari.HikariDataSource       : master - Starting...
2025-07-09 21:06:42.007  INFO 201692 --- [    Test worker] com.zaxxer.hikari.HikariDataSource       : master - Start completed.
2025-07-09 21:06:42.032  INFO 201692 --- [    Test worker] o.f.c.internal.license.VersionPrinter    : Flyway Community Edition 8.0.5 by Redgate
2025-07-09 21:06:42.033  INFO 201692 --- [    Test worker] o.f.c.i.database.base.BaseDatabaseType   : Database: jdbc:h2:mem:adm_products_test (H2 1.4)
2025-07-09 21:06:42.176  INFO 201692 --- [    Test worker] o.f.core.internal.command.DbValidate     : Successfully validated 1 migration (execution time 00:00.056s)
2025-07-09 21:06:42.216  INFO 201692 --- [    Test worker] o.f.c.i.s.JdbcTableSchemaHistory         : Creating Schema History table "public"."flyway_schema_history" ...
2025-07-09 21:06:42.328  INFO 201692 --- [    Test worker] o.f.core.internal.command.DbMigrate      : Current version of schema "public": << Empty Schema >>
2025-07-09 21:06:42.340  INFO 201692 --- [    Test worker] o.f.core.internal.command.DbMigrate      : Migrating schema "public" to version "1 - initial"
2025-07-09 21:06:42.407  INFO 201692 --- [    Test worker] o.f.core.internal.command.DbMigrate      : Successfully applied 1 migration to schema "public", now at version v1 (execution time 00:00.096s)
2025-07-09 21:06:42.816  INFO 201692 --- [    Test worker] o.hibernate.jpa.internal.util.LogHelper  : HHH000204: Processing PersistenceUnitInfo [name: default]
2025-07-09 21:06:42.992  INFO 201692 --- [    Test worker] org.hibernate.Version                    : HHH000412: Hibernate ORM core version 5.6.8.Final
2025-07-09 21:06:43.472  INFO 201692 --- [    Test worker] o.hibernate.annotations.common.Version   : HCANN000001: Hibernate Commons Annotations {5.1.2.Final}
2025-07-09 21:06:43.769  INFO 201692 --- [    Test worker] org.hibernate.dialect.Dialect            : HHH000400: Using dialect: org.hibernate.dialect.MySQL5InnoDBDialect
2025-07-09 21:06:44.963  INFO 201692 --- [    Test worker] o.h.e.t.j.p.i.JtaPlatformInitiator       : HHH000490: Using JtaPlatform implementation: [org.hibernate.engine.transaction.jta.platform.internal.NoJtaPlatform]
2025-07-09 21:06:44.982  INFO 201692 --- [    Test worker] j.LocalContainerEntityManagerFactoryBean : Initialized JPA EntityManagerFactory for persistence unit 'default'
2025-07-09 21:06:45.449  INFO 201692 --- [    Test worker] i.StatisticalLoggingSessionEventListener : Session Metrics {
    0 nanoseconds spent acquiring 0 JDBC connections;
    0 nanoseconds spent releasing 0 JDBC connections;
    0 nanoseconds spent preparing 0 JDBC statements;
    0 nanoseconds spent executing 0 JDBC statements;
    0 nanoseconds spent executing 0 JDBC batches;
    0 nanoseconds spent performing 0 L2C puts;
    0 nanoseconds spent performing 0 L2C hits;
    0 nanoseconds spent performing 0 L2C misses;
    0 nanoseconds spent executing 0 flushes (flushing a total of 0 entities and 0 collections);
    0 nanoseconds spent executing 0 partial-flushes (flushing a total of 0 entities and 0 collections)
}
2025-07-09 21:06:45.453  INFO 201692 --- [    Test worker] i.StatisticalLoggingSessionEventListener : Session Metrics {
    0 nanoseconds spent acquiring 0 JDBC connections;
    0 nanoseconds spent releasing 0 JDBC connections;
    0 nanoseconds spent preparing 0 JDBC statements;
    0 nanoseconds spent executing 0 JDBC statements;
    0 nanoseconds spent executing 0 JDBC batches;
    0 nanoseconds spent performing 0 L2C puts;
    0 nanoseconds spent performing 0 L2C hits;
    0 nanoseconds spent performing 0 L2C misses;
    0 nanoseconds spent executing 0 flushes (flushing a total of 0 entities and 0 collections);
    0 nanoseconds spent executing 0 partial-flushes (flushing a total of 0 entities and 0 collections)
}
2025-07-09 21:06:45.633  INFO 201692 --- [    Test worker] i.StatisticalLoggingSessionEventListener : Session Metrics {
    0 nanoseconds spent acquiring 0 JDBC connections;
    0 nanoseconds spent releasing 0 JDBC connections;
    0 nanoseconds spent preparing 0 JDBC statements;
    0 nanoseconds spent executing 0 JDBC statements;
    0 nanoseconds spent executing 0 JDBC batches;
    0 nanoseconds spent performing 0 L2C puts;
    0 nanoseconds spent performing 0 L2C hits;
    0 nanoseconds spent performing 0 L2C misses;
    0 nanoseconds spent executing 0 flushes (flushing a total of 0 entities and 0 collections);
    0 nanoseconds spent executing 0 partial-flushes (flushing a total of 0 entities and 0 collections)
}
2025-07-09 21:06:47.384  INFO 201692 --- [    Test worker] o.s.b.a.h2.H2ConsoleAutoConfiguration    : H2 console available at '/h2'. Database available at 'jdbc:h2:mem:adm_products_test'
2025-07-09 21:06:48.245  INFO 201692 --- [    Test worker] com.adm.product.application.SampleIT     : Started SampleIT in 11.204 seconds (JVM running for 14.488)
Hibernate: select productjpa0_.id as id1_0_, productjpa0_.brand as brand2_0_, productjpa0_.description as descript3_0_, productjpa0_.name as name4_0_, productjpa0_.price as price5_0_ from product productjpa0_
2025-07-09 21:06:49.037  INFO 201692 --- [    Test worker] i.StatisticalLoggingSessionEventListener : Session Metrics {
    122200 nanoseconds spent acquiring 1 JDBC connections;
    0 nanoseconds spent releasing 0 JDBC connections;
    1147200 nanoseconds spent preparing 1 JDBC statements;
    400700 nanoseconds spent executing 1 JDBC statements;
    0 nanoseconds spent executing 0 JDBC batches;
    0 nanoseconds spent performing 0 L2C puts;
    0 nanoseconds spent performing 0 L2C hits;
    0 nanoseconds spent performing 0 L2C misses;
    0 nanoseconds spent executing 0 flushes (flushing a total of 0 entities and 0 collections);
    94300 nanoseconds spent executing 1 partial-flushes (flushing a total of 0 entities and 0 collections)
}
]]></system-out>
  <system-err><![CDATA[]]></system-err>
</testsuite>
