<?xml version="1.0" encoding="UTF-8"?>
<testsuite name="com.adm.product.domain.product.ProductTest" tests="2" skipped="0" failures="0" errors="0" timestamp="2025-06-29T12:03:15" hostname="LAPTOP-DFF0LMSS" time="0.39">
  <properties/>
  <testcase name="givenAnInvalidNullName_whenCallNewProductAndValidate_thenShouldReciveError()" classname="com.adm.product.domain.product.ProductTest" time="0.374"/>
  <testcase name="givenAValidParams_whenCallNewProduct_thenInstantiateAProduct()" classname="com.adm.product.domain.product.ProductTest" time="0.013"/>
  <system-out><![CDATA[]]></system-out>
  <system-err><![CDATA[]]></system-err>
</testsuite>
