<?xml version="1.0" encoding="UTF-8"?>
<testsuite name="com.adm.product.domain.product.ProductTest" tests="1" skipped="0" failures="0" errors="0" timestamp="2025-06-29T08:09:31" hostname="LAPTOP-DFF0LMSS" time="0.068">
  <properties/>
  <testcase name="givenAValidParams_whenCallNewProduct_thenInstantiateAProduct()" classname="com.adm.product.domain.product.ProductTest" time="0.068"/>
  <system-out><![CDATA[]]></system-out>
  <system-err><![CDATA[]]></system-err>
</testsuite>
