<?xml version="1.0" encoding="UTF-8"?>
<testsuite name="com.adm.product.domain.product.ProductTest" tests="2" skipped="0" failures="0" errors="0" timestamp="2025-06-29T10:19:32" hostname="LAPTOP-DFF0LMSS" time="0.08">
  <properties/>
  <testcase name="givenAnInvalidNullName_whenCallNewProductAndValidate_thenShouldReciveError()" classname="com.adm.product.domain.product.ProductTest" time="0.073"/>
  <testcase name="givenAValidParams_whenCallNewProduct_thenInstantiateAProduct()" classname="com.adm.product.domain.product.ProductTest" time="0.004"/>
  <system-out><![CDATA[]]></system-out>
  <system-err><![CDATA[]]></system-err>
</testsuite>
